<?xml version="1.0" encoding="UTF-8"?>
<coverage generated="1739083039239" clover="3.2.0">
  <project timestamp="1739083039240" name="All files">
    <metrics statements="10" coveredstatements="7" conditionals="0" coveredconditionals="0" methods="5" coveredmethods="2" elements="15" coveredelements="9" complexity="0" loc="10" ncloc="10" packages="1" files="2" classes="2"/>
    <file name="Contact.js" path="D:\Coding\NamasteReact\Swiggy\src\components\Contact.js">
      <metrics statements="8" coveredstatements="5" conditionals="0" coveredconditionals="0" methods="4" coveredmethods="1"/>
      <line num="3" count="1" type="stmt"/>
      <line num="5" count="4" type="stmt"/>
      <line num="6" count="4" type="stmt"/>
      <line num="8" count="4" type="stmt"/>
      <line num="9" count="0" type="stmt"/>
      <line num="12" count="4" type="stmt"/>
      <line num="18" count="0" type="stmt"/>
      <line num="25" count="0" type="stmt"/>
    </file>
    <file name="sum.js" path="D:\Coding\NamasteReact\Swiggy\src\components\sum.js">
      <metrics statements="2" coveredstatements="2" conditionals="0" coveredconditionals="0" methods="1" coveredmethods="1"/>
      <line num="1" count="1" type="stmt"/>
      <line num="2" count="1" type="stmt"/>
    </file>
  </project>
</coverage>
