{"D:\\Coding\\NamasteReact\\Swiggy\\src\\components\\Body.js": {"path":"D:\\Coding\\NamasteReact\\Swiggy\\src\\components\\Body.js","statementMap":{"0":{"start":{"line":7,"column":13},"end":{"line":66,"column":1}},"1":{"start":{"line":9,"column":4},"end":{"line":9,"column":20}},"2":{"start":{"line":10,"column":38},"end":{"line":10,"column":50}},"3":{"start":{"line":12,"column":23},"end":{"line":17,"column":3}},"4":{"start":{"line":13,"column":21},"end":{"line":15,"column":5}},"5":{"start":{"line":14,"column":6},"end":{"line":14,"column":71}},"6":{"start":{"line":16,"column":4},"end":{"line":16,"column":37}},"7":{"start":{"line":19,"column":31},"end":{"line":22,"column":3}},"8":{"start":{"line":20,"column":21},"end":{"line":20,"column":74}},"9":{"start":{"line":20,"column":49},"end":{"line":20,"column":73}},"10":{"start":{"line":21,"column":4},"end":{"line":21,"column":37}},"11":{"start":{"line":24,"column":2},"end":{"line":65,"column":4}},"12":{"start":{"line":35,"column":29},"end":{"line":35,"column":58}},"13":{"start":{"line":55,"column":10},"end":{"line":61,"column":17}}},"fnMap":{"0":{"name":"(anonymous_0)","decl":{"start":{"line":7,"column":13},"end":{"line":7,"column":14}},"loc":{"start":{"line":7,"column":19},"end":{"line":66,"column":1}},"line":7},"1":{"name":"(anonymous_1)","decl":{"start":{"line":12,"column":23},"end":{"line":12,"column":24}},"loc":{"start":{"line":12,"column":29},"end":{"line":17,"column":3}},"line":12},"2":{"name":"(anonymous_2)","decl":{"start":{"line":13,"column":40},"end":{"line":13,"column":41}},"loc":{"start":{"line":14,"column":6},"end":{"line":14,"column":71}},"line":14},"3":{"name":"(anonymous_3)","decl":{"start":{"line":19,"column":31},"end":{"line":19,"column":32}},"loc":{"start":{"line":19,"column":37},"end":{"line":22,"column":3}},"line":19},"4":{"name":"(anonymous_4)","decl":{"start":{"line":20,"column":40},"end":{"line":20,"column":41}},"loc":{"start":{"line":20,"column":49},"end":{"line":20,"column":73}},"line":20},"5":{"name":"(anonymous_5)","decl":{"start":{"line":35,"column":22},"end":{"line":35,"column":23}},"loc":{"start":{"line":35,"column":29},"end":{"line":35,"column":58}},"line":35},"6":{"name":"(anonymous_6)","decl":{"start":{"line":54,"column":33},"end":{"line":54,"column":34}},"loc":{"start":{"line":55,"column":10},"end":{"line":61,"column":17}},"line":55}},"branchMap":{"0":{"loc":{"start":{"line":24,"column":9},"end":{"line":65,"column":3}},"type":"cond-expr","locations":[{"start":{"line":25,"column":4},"end":{"line":25,"column":15}},{"start":{"line":27,"column":4},"end":{"line":64,"column":10}}],"line":24}},"s":{"0":1,"1":7,"2":7,"3":7,"4":1,"5":20,"6":1,"7":7,"8":1,"9":20,"10":1,"11":7,"12":1,"13":78},"f":{"0":7,"1":1,"2":20,"3":1,"4":20,"5":1,"6":78},"b":{"0":[2,5]},"_coverageSchema":"1a1c01bbd47fc00a2c39e90264f33305004495a9","hash":"1b57bdefe1a577a3c8ab1c2199b9d9ec7ba2b5ef"}
,"D:\\Coding\\NamasteReact\\Swiggy\\src\\components\\Cart.js": {"path":"D:\\Coding\\NamasteReact\\Swiggy\\src\\components\\Cart.js","statementMap":{"0":{"start":{"line":5,"column":13},"end":{"line":29,"column":1}},"1":{"start":{"line":6,"column":20},"end":{"line":6,"column":60}},"2":{"start":{"line":6,"column":43},"end":{"line":6,"column":59}},"3":{"start":{"line":8,"column":19},"end":{"line":8,"column":32}},"4":{"start":{"line":10,"column":26},"end":{"line":12,"column":3}},"5":{"start":{"line":11,"column":4},"end":{"line":11,"column":26}},"6":{"start":{"line":14,"column":2},"end":{"line":28,"column":4}}},"fnMap":{"0":{"name":"(anonymous_0)","decl":{"start":{"line":5,"column":13},"end":{"line":5,"column":14}},"loc":{"start":{"line":5,"column":19},"end":{"line":29,"column":1}},"line":5},"1":{"name":"(anonymous_1)","decl":{"start":{"line":6,"column":32},"end":{"line":6,"column":33}},"loc":{"start":{"line":6,"column":43},"end":{"line":6,"column":59}},"line":6},"2":{"name":"(anonymous_2)","decl":{"start":{"line":10,"column":26},"end":{"line":10,"column":27}},"loc":{"start":{"line":10,"column":32},"end":{"line":12,"column":3}},"line":10}},"branchMap":{"0":{"loc":{"start":{"line":24,"column":9},"end":{"line":24,"column":140}},"type":"binary-expr","locations":[{"start":{"line":24,"column":9},"end":{"line":24,"column":31}},{"start":{"line":24,"column":35},"end":{"line":24,"column":140}}],"line":24}},"s":{"0":1,"1":4,"2":8,"3":4,"4":4,"5":1,"6":4},"f":{"0":4,"1":8,"2":1},"b":{"0":[4,2]},"_coverageSchema":"1a1c01bbd47fc00a2c39e90264f33305004495a9","hash":"e823cb4a00c53503cc78102e5812cc28c1cc72b1"}
,"D:\\Coding\\NamasteReact\\Swiggy\\src\\components\\Contact.js": {"path":"D:\\Coding\\NamasteReact\\Swiggy\\src\\components\\Contact.js","statementMap":{"0":{"start":{"line":3,"column":16},"end":{"line":41,"column":1}},"1":{"start":{"line":5,"column":34},"end":{"line":5,"column":46}},"2":{"start":{"line":6,"column":28},"end":{"line":6,"column":40}},"3":{"start":{"line":8,"column":25},"end":{"line":10,"column":5}},"4":{"start":{"line":9,"column":8},"end":{"line":9,"column":113}},"5":{"start":{"line":12,"column":4},"end":{"line":40,"column":6}},"6":{"start":{"line":18,"column":29},"end":{"line":18,"column":52}},"7":{"start":{"line":25,"column":29},"end":{"line":25,"column":55}}},"fnMap":{"0":{"name":"(anonymous_0)","decl":{"start":{"line":3,"column":16},"end":{"line":3,"column":17}},"loc":{"start":{"line":3,"column":22},"end":{"line":41,"column":1}},"line":3},"1":{"name":"(anonymous_1)","decl":{"start":{"line":8,"column":25},"end":{"line":8,"column":26}},"loc":{"start":{"line":8,"column":31},"end":{"line":10,"column":5}},"line":8},"2":{"name":"(anonymous_2)","decl":{"start":{"line":18,"column":22},"end":{"line":18,"column":23}},"loc":{"start":{"line":18,"column":29},"end":{"line":18,"column":52}},"line":18},"3":{"name":"(anonymous_3)","decl":{"start":{"line":25,"column":22},"end":{"line":25,"column":23}},"loc":{"start":{"line":25,"column":29},"end":{"line":25,"column":55}},"line":25}},"branchMap":{},"s":{"0":1,"1":4,"2":4,"3":4,"4":0,"5":4,"6":0,"7":0},"f":{"0":4,"1":0,"2":0,"3":0},"b":{},"_coverageSchema":"1a1c01bbd47fc00a2c39e90264f33305004495a9","hash":"5137be360bc513f055b4c1c979f62bd32d5fff51"}
,"D:\\Coding\\NamasteReact\\Swiggy\\src\\components\\Header.js": {"path":"D:\\Coding\\NamasteReact\\Swiggy\\src\\components\\Header.js","statementMap":{"0":{"start":{"line":8,"column":22},"end":{"line":64,"column":1}},"1":{"start":{"line":9,"column":32},"end":{"line":9,"column":49}},"2":{"start":{"line":11,"column":23},"end":{"line":11,"column":40}},"3":{"start":{"line":13,"column":25},"end":{"line":13,"column":48}},"4":{"start":{"line":15,"column":20},"end":{"line":15,"column":58}},"5":{"start":{"line":15,"column":41},"end":{"line":15,"column":57}},"6":{"start":{"line":18,"column":2},"end":{"line":63,"column":4}},"7":{"start":{"line":47,"column":12},"end":{"line":47,"column":77}}},"fnMap":{"0":{"name":"(anonymous_0)","decl":{"start":{"line":8,"column":22},"end":{"line":8,"column":23}},"loc":{"start":{"line":8,"column":28},"end":{"line":64,"column":1}},"line":8},"1":{"name":"(anonymous_1)","decl":{"start":{"line":15,"column":32},"end":{"line":15,"column":33}},"loc":{"start":{"line":15,"column":41},"end":{"line":15,"column":57}},"line":15},"2":{"name":"(anonymous_2)","decl":{"start":{"line":46,"column":19},"end":{"line":46,"column":20}},"loc":{"start":{"line":46,"column":25},"end":{"line":48,"column":11}},"line":46}},"branchMap":{"0":{"loc":{"start":{"line":39,"column":27},"end":{"line":39,"column":52}},"type":"cond-expr","locations":[{"start":{"line":39,"column":42},"end":{"line":39,"column":45}},{"start":{"line":39,"column":48},"end":{"line":39,"column":52}}],"line":39},"1":{"loc":{"start":{"line":47,"column":12},"end":{"line":47,"column":76}},"type":"cond-expr","locations":[{"start":{"line":47,"column":34},"end":{"line":47,"column":54}},{"start":{"line":47,"column":57},"end":{"line":47,"column":76}}],"line":47},"2":{"loc":{"start":{"line":53,"column":11},"end":{"line":59,"column":11}},"type":"cond-expr","locations":[{"start":{"line":54,"column":12},"end":{"line":56,"column":17}},{"start":{"line":58,"column":12},"end":{"line":58,"column":14}}],"line":53}},"s":{"0":2,"1":8,"2":8,"3":8,"4":8,"5":15,"6":8,"7":1},"f":{"0":8,"1":15,"2":1},"b":{"0":[8,0],"1":[1,0],"2":[1,7]},"_coverageSchema":"1a1c01bbd47fc00a2c39e90264f33305004495a9","hash":"376639f952b07862223179f524f087a65629a065"}
,"D:\\Coding\\NamasteReact\\Swiggy\\src\\components\\ItemList.js": {"path":"D:\\Coding\\NamasteReact\\Swiggy\\src\\components\\ItemList.js","statementMap":{"0":{"start":{"line":5,"column":17},"end":{"line":92,"column":1}},"1":{"start":{"line":7,"column":19},"end":{"line":7,"column":32}},"2":{"start":{"line":9,"column":25},"end":{"line":11,"column":4}},"3":{"start":{"line":10,"column":6},"end":{"line":10,"column":30}},"4":{"start":{"line":13,"column":3},"end":{"line":91,"column":4}},"5":{"start":{"line":18,"column":14},"end":{"line":86,"column":16}},"6":{"start":{"line":75,"column":37},"end":{"line":75,"column":56}}},"fnMap":{"0":{"name":"(anonymous_0)","decl":{"start":{"line":5,"column":17},"end":{"line":5,"column":18}},"loc":{"start":{"line":5,"column":30},"end":{"line":92,"column":1}},"line":5},"1":{"name":"(anonymous_1)","decl":{"start":{"line":9,"column":25},"end":{"line":9,"column":26}},"loc":{"start":{"line":9,"column":35},"end":{"line":11,"column":4}},"line":9},"2":{"name":"(anonymous_2)","decl":{"start":{"line":16,"column":22},"end":{"line":16,"column":23}},"loc":{"start":{"line":16,"column":39},"end":{"line":87,"column":13}},"line":16},"3":{"name":"(anonymous_3)","decl":{"start":{"line":75,"column":31},"end":{"line":75,"column":32}},"loc":{"start":{"line":75,"column":37},"end":{"line":75,"column":56}},"line":75}},"branchMap":{"0":{"loc":{"start":{"line":25,"column":21},"end":{"line":27,"column":28}},"type":"cond-expr","locations":[{"start":{"line":26,"column":24},"end":{"line":26,"column":28}},{"start":{"line":27,"column":24},"end":{"line":27,"column":28}}],"line":25},"1":{"loc":{"start":{"line":33,"column":23},"end":{"line":35,"column":55}},"type":"cond-expr","locations":[{"start":{"line":34,"column":26},"end":{"line":34,"column":62}},{"start":{"line":35,"column":26},"end":{"line":35,"column":55}}],"line":33},"2":{"loc":{"start":{"line":38,"column":23},"end":{"line":50,"column":23}},"type":"cond-expr","locations":[{"start":{"line":39,"column":24},"end":{"line":47,"column":31}},{"start":{"line":49,"column":24},"end":{"line":49,"column":27}}],"line":38},"3":{"loc":{"start":{"line":42,"column":28},"end":{"line":45,"column":41}},"type":"cond-expr","locations":[{"start":{"line":44,"column":32},"end":{"line":44,"column":42}},{"start":{"line":45,"column":32},"end":{"line":45,"column":41}}],"line":42},"4":{"loc":{"start":{"line":52,"column":61},"end":{"line":52,"column":232}},"type":"cond-expr","locations":[{"start":{"line":52,"column":119},"end":{"line":52,"column":135}},{"start":{"line":52,"column":138},"end":{"line":52,"column":232}}],"line":52},"5":{"loc":{"start":{"line":52,"column":138},"end":{"line":52,"column":232}},"type":"cond-expr","locations":[{"start":{"line":52,"column":196},"end":{"line":52,"column":212}},{"start":{"line":52,"column":215},"end":{"line":52,"column":232}}],"line":52},"6":{"loc":{"start":{"line":54,"column":25},"end":{"line":56,"column":31}},"type":"cond-expr","locations":[{"start":{"line":55,"column":28},"end":{"line":55,"column":79}},{"start":{"line":56,"column":28},"end":{"line":56,"column":31}}],"line":54},"7":{"loc":{"start":{"line":59,"column":25},"end":{"line":65,"column":31}},"type":"cond-expr","locations":[{"start":{"line":61,"column":28},"end":{"line":64,"column":31}},{"start":{"line":65,"column":28},"end":{"line":65,"column":31}}],"line":59}},"s":{"0":1,"1":1,"2":1,"3":2,"4":1,"5":32,"6":2},"f":{"0":1,"1":2,"2":32,"3":2},"b":{"0":[20,12],"1":[0,32],"2":[26,6],"3":[25,1],"4":[12,20],"5":[13,7],"6":[26,6],"7":[26,6]},"_coverageSchema":"1a1c01bbd47fc00a2c39e90264f33305004495a9","hash":"4f87afa0939c832781b57da54cc57637bd93c8c6"}
,"D:\\Coding\\NamasteReact\\Swiggy\\src\\components\\RestaurantCard.js": {"path":"D:\\Coding\\NamasteReact\\Swiggy\\src\\components\\RestaurantCard.js","statementMap":{"0":{"start":{"line":3,"column":23},"end":{"line":32,"column":1}},"1":{"start":{"line":4,"column":22},"end":{"line":4,"column":27}},"2":{"start":{"line":5,"column":74},"end":{"line":5,"column":87}},"3":{"start":{"line":6,"column":2},"end":{"line":31,"column":4}}},"fnMap":{"0":{"name":"(anonymous_0)","decl":{"start":{"line":3,"column":23},"end":{"line":3,"column":24}},"loc":{"start":{"line":3,"column":34},"end":{"line":32,"column":1}},"line":3}},"branchMap":{},"s":{"0":2,"1":79,"2":79,"3":79},"f":{"0":79},"b":{},"_coverageSchema":"1a1c01bbd47fc00a2c39e90264f33305004495a9","hash":"84ddc566e0bf9eed1ba6ff29fbe0c85ef27b5004"}
,"D:\\Coding\\NamasteReact\\Swiggy\\src\\components\\RestaurantMenu.js": {"path":"D:\\Coding\\NamasteReact\\Swiggy\\src\\components\\RestaurantMenu.js","statementMap":{"0":{"start":{"line":8,"column":23},"end":{"line":86,"column":1}},"1":{"start":{"line":9,"column":20},"end":{"line":9,"column":31}},"2":{"start":{"line":10,"column":18},"end":{"line":10,"column":42}},"3":{"start":{"line":12,"column":35},"end":{"line":12,"column":49}},"4":{"start":{"line":14,"column":2},"end":{"line":16,"column":3}},"5":{"start":{"line":15,"column":4},"end":{"line":15,"column":23}},"6":{"start":{"line":24,"column":22},"end":{"line":24,"column":69}},"7":{"start":{"line":25,"column":20},"end":{"line":26,"column":111}},"8":{"start":{"line":29,"column":21},"end":{"line":34,"column":4}},"9":{"start":{"line":30,"column":4},"end":{"line":33,"column":6}},"10":{"start":{"line":37,"column":2},"end":{"line":43,"column":3}},"11":{"start":{"line":38,"column":4},"end":{"line":42,"column":6}},"12":{"start":{"line":45,"column":2},"end":{"line":85,"column":4}},"13":{"start":{"line":74,"column":10},"end":{"line":81,"column":12}},"14":{"start":{"line":79,"column":34},"end":{"line":79,"column":82}}},"fnMap":{"0":{"name":"(anonymous_0)","decl":{"start":{"line":8,"column":23},"end":{"line":8,"column":24}},"loc":{"start":{"line":8,"column":29},"end":{"line":86,"column":1}},"line":8},"1":{"name":"(anonymous_1)","decl":{"start":{"line":29,"column":95},"end":{"line":29,"column":96}},"loc":{"start":{"line":29,"column":102},"end":{"line":34,"column":3}},"line":29},"2":{"name":"(anonymous_2)","decl":{"start":{"line":73,"column":24},"end":{"line":73,"column":25}},"loc":{"start":{"line":73,"column":45},"end":{"line":82,"column":9}},"line":73},"3":{"name":"(anonymous_3)","decl":{"start":{"line":79,"column":28},"end":{"line":79,"column":29}},"loc":{"start":{"line":79,"column":34},"end":{"line":79,"column":82}},"line":79}},"branchMap":{"0":{"loc":{"start":{"line":14,"column":2},"end":{"line":16,"column":3}},"type":"if","locations":[{"start":{"line":14,"column":2},"end":{"line":16,"column":3}},{"start":{},"end":{}}],"line":14},"1":{"loc":{"start":{"line":24,"column":22},"end":{"line":24,"column":69}},"type":"binary-expr","locations":[{"start":{"line":24,"column":22},"end":{"line":24,"column":63}},{"start":{"line":24,"column":67},"end":{"line":24,"column":69}}],"line":24},"2":{"loc":{"start":{"line":25,"column":20},"end":{"line":26,"column":111}},"type":"binary-expr","locations":[{"start":{"line":25,"column":20},"end":{"line":25,"column":112}},{"start":{"line":26,"column":4},"end":{"line":26,"column":111}}],"line":25},"3":{"loc":{"start":{"line":37,"column":2},"end":{"line":43,"column":3}},"type":"if","locations":[{"start":{"line":37,"column":2},"end":{"line":43,"column":3}},{"start":{},"end":{}}],"line":37},"4":{"loc":{"start":{"line":78,"column":25},"end":{"line":78,"column":59}},"type":"cond-expr","locations":[{"start":{"line":78,"column":47},"end":{"line":78,"column":51}},{"start":{"line":78,"column":54},"end":{"line":78,"column":59}}],"line":78},"5":{"loc":{"start":{"line":79,"column":47},"end":{"line":79,"column":81}},"type":"cond-expr","locations":[{"start":{"line":79,"column":69},"end":{"line":79,"column":73}},{"start":{"line":79,"column":76},"end":{"line":79,"column":81}}],"line":79}},"s":{"0":1,"1":3,"2":3,"3":3,"4":3,"5":1,"6":2,"7":2,"8":2,"9":26,"10":2,"11":0,"12":2,"13":14,"14":1},"f":{"0":3,"1":26,"2":14,"3":1},"b":{"0":[1,2],"1":[2,0],"2":[2,0],"3":[0,2],"4":[1,13],"5":[0,1]},"_coverageSchema":"1a1c01bbd47fc00a2c39e90264f33305004495a9","hash":"ccbc1101313388817c85389211cf9874e0e0dcb0"}
,"D:\\Coding\\NamasteReact\\Swiggy\\src\\utils\\appStore.js": {"path":"D:\\Coding\\NamasteReact\\Swiggy\\src\\utils\\appStore.js","statementMap":{"0":{"start":{"line":4,"column":17},"end":{"line":8,"column":2}}},"fnMap":{},"branchMap":{},"s":{"0":2},"f":{},"b":{},"_coverageSchema":"1a1c01bbd47fc00a2c39e90264f33305004495a9","hash":"80487860db097dfe6291dae286ee67259908ff93"}
}
