TN:
SF:src\components\Body.js
FN:7,(anonymous_0)
FN:12,(anonymous_1)
FN:13,(anonymous_2)
FN:19,(anonymous_3)
FN:20,(anonymous_4)
FN:35,(anonymous_5)
FN:54,(anonymous_6)
FNF:7
FNH:7
FNDA:7,(anonymous_0)
FNDA:1,(anonymous_1)
FNDA:20,(anonymous_2)
FNDA:1,(anonymous_3)
FNDA:20,(anonymous_4)
FNDA:1,(anonymous_5)
FNDA:78,(anonymous_6)
DA:7,1
DA:9,7
DA:10,7
DA:12,7
DA:13,1
DA:14,20
DA:16,1
DA:19,7
DA:20,20
DA:21,1
DA:24,7
DA:35,1
DA:55,78
LF:13
LH:13
BRDA:24,0,0,2
BRDA:24,0,1,5
BRF:2
BRH:2
end_of_record
TN:
SF:src\components\Cart.js
FN:5,(anonymous_0)
FN:6,(anonymous_1)
FN:10,(anonymous_2)
FNF:3
FNH:3
FNDA:4,(anonymous_0)
FNDA:8,(anonymous_1)
FNDA:1,(anonymous_2)
DA:5,1
DA:6,8
DA:8,4
DA:10,4
DA:11,1
DA:14,4
LF:6
LH:6
BRDA:24,0,0,4
BRDA:24,0,1,2
BRF:2
BRH:2
end_of_record
TN:
SF:src\components\Contact.js
FN:3,(anonymous_0)
FN:8,(anonymous_1)
FN:18,(anonymous_2)
FN:25,(anonymous_3)
FNF:4
FNH:1
FNDA:4,(anonymous_0)
FNDA:0,(anonymous_1)
FNDA:0,(anonymous_2)
FNDA:0,(anonymous_3)
DA:3,1
DA:5,4
DA:6,4
DA:8,4
DA:9,0
DA:12,4
DA:18,0
DA:25,0
LF:8
LH:5
BRF:0
BRH:0
end_of_record
TN:
SF:src\components\Header.js
FN:8,(anonymous_0)
FN:15,(anonymous_1)
FN:46,(anonymous_2)
FNF:3
FNH:3
FNDA:8,(anonymous_0)
FNDA:15,(anonymous_1)
FNDA:1,(anonymous_2)
DA:8,2
DA:9,8
DA:11,8
DA:13,8
DA:15,15
DA:18,8
DA:47,1
LF:7
LH:7
BRDA:39,0,0,8
BRDA:39,0,1,0
BRDA:47,1,0,1
BRDA:47,1,1,0
BRDA:53,2,0,1
BRDA:53,2,1,7
BRF:6
BRH:4
end_of_record
TN:
SF:src\components\ItemList.js
FN:5,(anonymous_0)
FN:9,(anonymous_1)
FN:16,(anonymous_2)
FN:75,(anonymous_3)
FNF:4
FNH:4
FNDA:1,(anonymous_0)
FNDA:2,(anonymous_1)
FNDA:32,(anonymous_2)
FNDA:2,(anonymous_3)
DA:5,1
DA:7,1
DA:9,1
DA:10,2
DA:13,1
DA:18,32
DA:75,2
LF:7
LH:7
BRDA:25,0,0,20
BRDA:25,0,1,12
BRDA:33,1,0,0
BRDA:33,1,1,32
BRDA:38,2,0,26
BRDA:38,2,1,6
BRDA:42,3,0,25
BRDA:42,3,1,1
BRDA:52,4,0,12
BRDA:52,4,1,20
BRDA:52,5,0,13
BRDA:52,5,1,7
BRDA:54,6,0,26
BRDA:54,6,1,6
BRDA:59,7,0,26
BRDA:59,7,1,6
BRF:16
BRH:15
end_of_record
TN:
SF:src\components\RestaurantCard.js
FN:3,(anonymous_0)
FNF:1
FNH:1
FNDA:79,(anonymous_0)
DA:3,2
DA:4,79
DA:5,79
DA:6,79
LF:4
LH:4
BRF:0
BRH:0
end_of_record
TN:
SF:src\components\RestaurantMenu.js
FN:8,(anonymous_0)
FN:29,(anonymous_1)
FN:73,(anonymous_2)
FN:79,(anonymous_3)
FNF:4
FNH:4
FNDA:3,(anonymous_0)
FNDA:26,(anonymous_1)
FNDA:14,(anonymous_2)
FNDA:1,(anonymous_3)
DA:8,1
DA:9,3
DA:10,3
DA:12,3
DA:14,3
DA:15,1
DA:24,2
DA:25,2
DA:29,2
DA:30,26
DA:37,2
DA:38,0
DA:45,2
DA:74,14
DA:79,1
LF:15
LH:14
BRDA:14,0,0,1
BRDA:14,0,1,2
BRDA:24,1,0,2
BRDA:24,1,1,0
BRDA:25,2,0,2
BRDA:25,2,1,0
BRDA:37,3,0,0
BRDA:37,3,1,2
BRDA:78,4,0,1
BRDA:78,4,1,13
BRDA:79,5,0,0
BRDA:79,5,1,1
BRF:12
BRH:8
end_of_record
TN:
SF:src\utils\appStore.js
FNF:0
FNH:0
DA:4,2
LF:1
LH:1
BRF:0
BRH:0
end_of_record
